<?xml version="1.0" encoding="UTF-8"?>
<testsuite name="Car_Test" tests="28" skipped="0" failures="1" errors="0" timestamp="2017-01-20T22:34:46" hostname="COMPOZED-NBT-16" time="0.074">
  <properties/>
  <testcase name="camShaft_subTotal" classname="Car_Test" time="0.001"/>
  <testcase name="FanBlade_determineCoolingSystemComponent" classname="Car_Test" time="0.001"/>
  <testcase name="FanBlade_determineEngineComponent" classname="Car_Test" time="0.0"/>
  <testcase name="CarEngine_determineEngineComponent" classname="Car_Test" time="0.001"/>
  <testcase name="Engine_taxExempt" classname="Car_Test" time="0.0"/>
  <testcase name="camShaft_determineEngineComponent" classname="Car_Test" time="0.0"/>
  <testcase name="Camshaft_initalize" classname="Car_Test" time="0.0"/>
  <testcase name="FanBlade_initialize" classname="Car_Test" time="0.0"/>
  <testcase name="radiator_initialize" classname="Car_Test" time="0.0"/>
  <testcase name="radiator_taxExempt" classname="Car_Test" time="0.001"/>
  <testcase name="radiator_subTotal" classname="Car_Test" time="0.0"/>
  <testcase name="radiator_returnFullDescription" classname="Car_Test" time="0.0"/>
  <testcase name="camShaft_taxExempt" classname="Car_Test" time="0.0"/>
  <testcase name="part_fullDescription" classname="Car_Test" time="0.0"/>
  <testcase name="FanBlade_subTotal" classname="Car_Test" time="0.0"/>
  <testcase name="CarEngine_determineCoolingSystemComponent" classname="Car_Test" time="0.0"/>
  <testcase name="radiator_determineEngineComponent" classname="Car_Test" time="0.0"/>
  <testcase name="FanBlade_returnFullDescription" classname="Car_Test" time="0.0"/>
  <testcase name="part_Initalize" classname="Car_Test" time="0.0"/>
  <testcase name="carEngine_returnFullDescription" classname="Car_Test" time="0.0"/>
  <testcase name="calculator_returnSubTotalEngines" classname="Car_Test" time="0.065">
    <failure message="java.lang.AssertionError: expected:&lt;10000.0&gt; but was:&lt;11000.0&gt;" type="java.lang.AssertionError">java.lang.AssertionError: expected:&lt;10000.0&gt; but was:&lt;11000.0&gt;
	at org.junit.Assert.fail(Assert.java:88)
	at org.junit.Assert.failNotEquals(Assert.java:743)
	at org.junit.Assert.assertEquals(Assert.java:494)
	at org.junit.Assert.assertEquals(Assert.java:592)
	at Car_Test.calculator_returnSubTotalEngines(Car_Test.java:195)
	at sun.reflect.NativeMethodAccessorImpl.invoke0(Native Method)
	at sun.reflect.NativeMethodAccessorImpl.invoke(NativeMethodAccessorImpl.java:62)
	at sun.reflect.DelegatingMethodAccessorImpl.invoke(DelegatingMethodAccessorImpl.java:43)
	at java.lang.reflect.Method.invoke(Method.java:497)
	at org.junit.runners.model.FrameworkMethod$1.runReflectiveCall(FrameworkMethod.java:47)
	at org.junit.internal.runners.model.ReflectiveCallable.run(ReflectiveCallable.java:12)
	at org.junit.runners.model.FrameworkMethod.invokeExplosively(FrameworkMethod.java:44)
	at org.junit.internal.runners.statements.InvokeMethod.evaluate(InvokeMethod.java:17)
	at org.junit.runners.ParentRunner.runLeaf(ParentRunner.java:271)
	at org.junit.runners.BlockJUnit4ClassRunner.runChild(BlockJUnit4ClassRunner.java:70)
	at org.junit.runners.BlockJUnit4ClassRunner.runChild(BlockJUnit4ClassRunner.java:50)
	at org.junit.runners.ParentRunner$3.run(ParentRunner.java:238)
	at org.junit.runners.ParentRunner$1.schedule(ParentRunner.java:63)
	at org.junit.runners.ParentRunner.runChildren(ParentRunner.java:236)
	at org.junit.runners.ParentRunner.access$000(ParentRunner.java:53)
	at org.junit.runners.ParentRunner$2.evaluate(ParentRunner.java:229)
	at org.junit.runners.ParentRunner.run(ParentRunner.java:309)
	at org.gradle.api.internal.tasks.testing.junit.JUnitTestClassExecuter.runTestClass(JUnitTestClassExecuter.java:86)
	at org.gradle.api.internal.tasks.testing.junit.JUnitTestClassExecuter.execute(JUnitTestClassExecuter.java:49)
	at org.gradle.api.internal.tasks.testing.junit.JUnitTestClassProcessor.processTestClass(JUnitTestClassProcessor.java:64)
	at org.gradle.api.internal.tasks.testing.SuiteTestClassProcessor.processTestClass(SuiteTestClassProcessor.java:50)
	at sun.reflect.NativeMethodAccessorImpl.invoke0(Native Method)
	at sun.reflect.NativeMethodAccessorImpl.invoke(NativeMethodAccessorImpl.java:62)
	at sun.reflect.DelegatingMethodAccessorImpl.invoke(DelegatingMethodAccessorImpl.java:43)
	at java.lang.reflect.Method.invoke(Method.java:497)
	at org.gradle.messaging.dispatch.ReflectionDispatch.dispatch(ReflectionDispatch.java:35)
	at org.gradle.messaging.dispatch.ReflectionDispatch.dispatch(ReflectionDispatch.java:24)
	at org.gradle.messaging.dispatch.ContextClassLoaderDispatch.dispatch(ContextClassLoaderDispatch.java:32)
	at org.gradle.messaging.dispatch.ProxyDispatchAdapter$DispatchingInvocationHandler.invoke(ProxyDispatchAdapter.java:93)
	at com.sun.proxy.$Proxy2.processTestClass(Unknown Source)
	at org.gradle.api.internal.tasks.testing.worker.TestWorker.processTestClass(TestWorker.java:106)
	at sun.reflect.NativeMethodAccessorImpl.invoke0(Native Method)
	at sun.reflect.NativeMethodAccessorImpl.invoke(NativeMethodAccessorImpl.java:62)
	at sun.reflect.DelegatingMethodAccessorImpl.invoke(DelegatingMethodAccessorImpl.java:43)
	at java.lang.reflect.Method.invoke(Method.java:497)
	at org.gradle.messaging.dispatch.ReflectionDispatch.dispatch(ReflectionDispatch.java:35)
	at org.gradle.messaging.dispatch.ReflectionDispatch.dispatch(ReflectionDispatch.java:24)
	at org.gradle.messaging.remote.internal.hub.MessageHub$Handler.run(MessageHub.java:360)
	at org.gradle.internal.concurrent.ExecutorPolicy$CatchAndRecordFailures.onExecute(ExecutorPolicy.java:54)
	at org.gradle.internal.concurrent.StoppableExecutorImpl$1.run(StoppableExecutorImpl.java:40)
	at java.util.concurrent.ThreadPoolExecutor.runWorker(ThreadPoolExecutor.java:1142)
	at java.util.concurrent.ThreadPoolExecutor$Worker.run(ThreadPoolExecutor.java:617)
	at java.lang.Thread.run(Thread.java:745)
</failure>
  </testcase>
  <testcase name="Engine_subTotal" classname="Car_Test" time="0.0"/>
  <testcase name="FanBlade_taxExempt" classname="Car_Test" time="0.0"/>
  <testcase name="calculator_returnSubTotalCamshaft" classname="Car_Test" time="0.0"/>
  <testcase name="radiator_determineCoolingSystemComponent" classname="Car_Test" time="0.0"/>
  <testcase name="camShaft_returnFullDescription" classname="Car_Test" time="0.0"/>
  <testcase name="camShaft_determineCoolingSystemComponent" classname="Car_Test" time="0.0"/>
  <testcase name="carEngine_initialize" classname="Car_Test" time="0.0"/>
  <system-out><![CDATA[]]></system-out>
  <system-err><![CDATA[]]></system-err>
</testsuite>
